#
# A fatal error has been detected by the Java Runtime Environment:
#
#  EXCEPTION_ACCESS_VIOLATION (0xc0000005) at pc=0x00007fff300728de, pid=2564, tid=9536
#
# JRE version: Java(TM) SE Runtime Environment (8.0_66-b17) (build 1.8.0_66-b17)
# Java VM: Java HotSpot(TM) 64-Bit Server VM (25.66-b17 mixed mode windows-amd64 compressed oops)
# Problematic frame:
# C  0x00007fff300728de
#
# Failed to write core dump. Minidumps are not enabled by default on client versions of Windows
#
# If you would like to submit a bug report, please visit:
#   http://bugreport.java.com/bugreport/crash.jsp
# The crash happened outside the Java Virtual Machine in native code.
# See problematic frame for where to report the bug.
#

---------------  T H R E A D  ---------------

Current thread (0x00000000037c7800):  JavaThread "main" [_thread_in_native, id=9536, stack(0x00000000036c0000,0x00000000037c0000)]

siginfo: ExceptionCode=0xc0000005, ExceptionInformation=0x0000000000000008 0x00007fff300728de

Registers:
RAX=0x0000000001517cb0, RBX=0x00000000037bd850, RCX=0x0000000001517cb0, RDX=0x00000000000c0025
RSP=0x00000000037bcd48, RBP=0x000000001a8b1e60, RSI=0x000000001a8b1ef4, RDI=0x0000000000000000
R8 =0xfffffe0520480000, R9 =0x0000000000000022, R10=0x0000000001516fa0, R11=0x0000000000000000
R12=0x00000000037bd0e4, R13=0x000000001a8b1f3a, R14=0x0000000001517cb0, R15=0x0000000000000000
RIP=0x00007fff300728de, EFLAGS=0x0000000000010217

Top of Stack: (sp=0x00000000037bcd48)
0x00000000037bcd48:   0000000068cebbc2 0000000000000000
0x00000000037bcd58:   00000000037bd850 000000001a8b1ee8
0x00000000037bcd68:   0000000000000000 000000001a8b1e64
0x00000000037bcd78:   0000000000000003 00000000037bd850
0x00000000037bcd88:   00000000036b3d5e 3746228c00000020
0x00000000037bcd98:   3746228c01d761b3 3746228c01d761b3
0x00000000037bcda8:   0000000001d761b3 00000000000012a6
0x00000000037bcdb8:   0070007300000000 0067006e00690072
0x00000000037bcdc8:   006f006f0062002d 00740073002d0074
0x00000000037bcdd8:   0065007400720061 0061006d002d0072
0x00000000037bcde8:   0032002d006c0069 0031002e0035002e
0x00000000037bcdf8:   00720061006a002e 00000000036b0000
0x00000000037bce08:   00000000037bce54 0000000000000000
0x00000000037bce18:   0000000000000001 0000000000000016
0x00000000037bce28:   0000000001503030 000000001a890101
0x00000000037bce38:   00000000037c7800 00000000d6157b30 

Instructions: (pc=0x00007fff300728de)
0x00007fff300728be:   
[error occurred during error reporting (printing registers, top of stack, instructions near pc), id 0xc0000005]

Register to memory mapping:

RAX=0x0000000001517cb0 is an unknown value
RBX=0x00000000037bd850 is pointing into the stack for thread: 0x00000000037c7800
RCX=0x0000000001517cb0 is an unknown value
RDX=0x00000000000c0025 is an unknown value
RSP=0x00000000037bcd48 is pointing into the stack for thread: 0x00000000037c7800
RBP=0x000000001a8b1e60 is an unknown value
RSI=0x000000001a8b1ef4 is an unknown value
RDI=0x0000000000000000 is an unknown value
R8 =0xfffffe0520480000 is an unknown value
R9 =0x0000000000000022 is an unknown value
R10=0x0000000001516fa0 is an unknown value
R11=0x0000000000000000 is an unknown value
R12=0x00000000037bd0e4 is pointing into the stack for thread: 0x00000000037c7800
R13=0x000000001a8b1f3a is an unknown value
R14=0x0000000001517cb0 is an unknown value
R15=0x0000000000000000 is an unknown value


Stack: [0x00000000036c0000,0x00000000037c0000],  sp=0x00000000037bcd48,  free space=1011k
Native frames: (J=compiled Java code, j=interpreted, Vv=VM code, C=native code)
C  0x00007fff300728de

Java frames: (J=compiled Java code, j=interpreted, Vv=VM code)
j  java.io.WinNTFileSystem.canonicalize0(Ljava/lang/String;)Ljava/lang/String;+0
j  java.io.WinNTFileSystem.canonicalize(Ljava/lang/String;)Ljava/lang/String;+298
j  java.io.File.getCanonicalPath()Ljava/lang/String;+27
j  java.io.File.getCanonicalFile()Ljava/io/File;+1
j  sun.misc.Launcher.getFileURL(Ljava/io/File;)Ljava/net/URL;+1
j  sun.misc.Launcher.pathToURLs([Ljava/io/File;)[Ljava/net/URL;+19
j  sun.misc.Launcher.access$300([Ljava/io/File;)[Ljava/net/URL;+1
j  sun.misc.Launcher$AppClassLoader$1.run()Lsun/misc/Launcher$AppClassLoader;+18
j  sun.misc.Launcher$AppClassLoader$1.run()Ljava/lang/Object;+1
v  ~StubRoutines::call_stub
j  java.security.AccessController.doPrivileged(Ljava/security/PrivilegedAction;)Ljava/lang/Object;+0
j  sun.misc.Launcher$AppClassLoader.getAppClassLoader(Ljava/lang/ClassLoader;)Ljava/lang/ClassLoader;+32
j  sun.misc.Launcher.<init>()V+25
j  sun.misc.Launcher.<clinit>()V+15
v  ~StubRoutines::call_stub
j  java.lang.ClassLoader.initSystemClassLoader()V+22
j  java.lang.ClassLoader.getSystemClassLoader()Ljava/lang/ClassLoader;+0
v  ~StubRoutines::call_stub

---------------  P R O C E S S  ---------------

Java Threads: ( => current thread )
  0x00000000038ba000 JavaThread "Finalizer" daemon [_thread_blocked, id=7324, stack(0x000000001a710000,0x000000001a810000)]
  0x00000000038b8800 JavaThread "Reference Handler" daemon [_thread_blocked, id=5648, stack(0x000000001a610000,0x000000001a710000)]
=>0x00000000037c7800 JavaThread "main" [_thread_in_native, id=9536, stack(0x00000000036c0000,0x00000000037c0000)]

Other Threads:
  0x0000000018829800 VMThread [stack: 0x000000001a510000,0x000000001a610000] [id=5804]

VM state:not at safepoint (normal execution)

VM Mutex/Monitor currently owned by a thread: None

Heap:
 PSYoungGen      total 37888K, used 1966K [0x00000000d6000000, 0x00000000d8a00000, 0x0000000100000000)
  eden space 32768K, 6% used [0x00000000d6000000,0x00000000d61eb9d8,0x00000000d8000000)
  from space 5120K, 0% used [0x00000000d8500000,0x00000000d8500000,0x00000000d8a00000)
  to   space 5120K, 0% used [0x00000000d8000000,0x00000000d8000000,0x00000000d8500000)
 ParOldGen       total 86016K, used 0K [0x0000000082000000, 0x0000000087400000, 0x00000000d6000000)
  object space 86016K, 0% used [0x0000000082000000,0x0000000082000000,0x0000000087400000)
 Metaspace       used 2193K, capacity 4480K, committed 4480K, reserved 1056768K
  class space    used 238K, capacity 384K, committed 384K, reserved 1048576K

Card table byte_map: [0x0000000012c80000,0x0000000013080000] byte_map_base: 0x0000000012870000

Marking Bits: (ParMarkBitMap*) 0x000000006960a5b0
 Begin Bits: [0x0000000013b20000, 0x0000000015aa0000)
 End Bits:   [0x0000000015aa0000, 0x0000000017a20000)

Polling page: 0x0000000003660000

CodeCache: size=245760Kb used=434Kb max_used=434Kb free=245325Kb
 bounds [0x00000000038c0000, 0x0000000003b30000, 0x00000000128c0000]
 total_blobs=165 nmethods=0 adapters=131
 compilation: enabled

Compilation events (0 events):
No events

GC Heap History (0 events):
No events

Deoptimization events (0 events):
No events

Internal exceptions (2 events):
Event: 0.028 Thread 0x00000000037c7800 Exception <a 'java/lang/NoSuchMethodError': Method sun.misc.Unsafe.defineClass(Ljava/lang/String;[BII)Ljava/lang/Class; name or signature does not match> (0x00000000d6013040) thrown at [C:\re\workspace\8-2-build-windows-amd64-cygwin\jdk8u66\4988\hotspot\sr…yÅ¨œ?
Event: 0.028 Thread 0x00000000037c7800 Exception <a 'java/lang/NoSuchMethodError': Method sun.misc.Unsafe.prefetchRead(Ljava/lang/Object;J)V name or signature does not match> (0x00000000d6013328) thrown at [C:\re\workspace\8-2-build-windows-amd64-cygwin\jdk8u66\4988\hotspot\src\share\vm\prims\j

Events (10 events):
Event: 0.061 loading class java/security/Principal
Event: 0.061 loading class java/security/Principal done
Event: 0.061 loading class java/util/HashSet
Event: 0.061 loading class java/util/HashSet done
Event: 0.061 loading class sun/misc/URLClassPath
Event: 0.061 loading class sun/misc/URLClassPath done
Event: 0.061 loading class sun/net/www/protocol/jar/Handler
Event: 0.061 loading class sun/net/www/protocol/jar/Handler done
Event: 0.063 loading class sun/misc/Launcher$AppClassLoader$1
Event: 0.063 loading class sun/misc/Launcher$AppClassLoader$1 done


Dynamic libraries:
0x00007ff778710000 - 0x00007ff778747000 	D:\Program Files\Java\jdk1.8.0_66\bin\javaw.exe
0x00007fff23130000 - 0x00007fff23302000 	C:\Windows\SYSTEM32\ntdll.dll
0x00007fff20be0000 - 0x00007fff20c8c000 	C:\Windows\System32\KERNEL32.DLL
0x00007fff1fe20000 - 0x00007fff2003d000 	C:\Windows\System32\KERNELBASE.dll
0x00007fff20f80000 - 0x00007fff21022000 	C:\Windows\System32\ADVAPI32.dll
0x00007fff20780000 - 0x00007fff2081e000 	C:\Windows\System32\msvcrt.dll
0x00007fff20820000 - 0x00007fff20879000 	C:\Windows\System32\sechost.dll
0x00007fff20ab0000 - 0x00007fff20bd1000 	C:\Windows\System32\RPCRT4.dll
0x00007fff22f10000 - 0x00007fff23075000 	C:\Windows\System32\USER32.dll
0x00007fff20230000 - 0x00007fff2024e000 	C:\Windows\System32\win32u.dll
0x00007fff230f0000 - 0x00007fff23124000 	C:\Windows\System32\GDI32.dll
0x00007fff20540000 - 0x00007fff206c0000 	C:\Windows\System32\gdi32full.dll
0x00007fff0c120000 - 0x00007fff0c39a000 	C:\Windows\WinSxS\amd64_microsoft.windows.common-controls_6595b64144ccf1df_6.0.14393.953_none_42151e83c686086b\COMCTL32.dll
0x00007fff20c90000 - 0x00007fff20f58000 	C:\Windows\System32\combase.dll
0x00007fff20040000 - 0x00007fff20135000 	C:\Windows\System32\ucrtbase.dll
0x00007fff20300000 - 0x00007fff2036a000 	C:\Windows\System32\bcryptPrimitives.dll
0x00007fff209e0000 - 0x00007fff20a0e000 	C:\Windows\System32\IMM32.DLL
0x00007fff1f470000 - 0x00007fff1f4da000 	C:\Windows\LVUAAgentInstBaseRoot\system32\Vozokopot.dll
0x0000000068b70000 - 0x0000000068c42000 	D:\Program Files\Java\jdk1.8.0_66\jre\bin\msvcr100.dll
0x0000000068e00000 - 0x0000000069689000 	D:\Program Files\Java\jdk1.8.0_66\jre\bin\server\jvm.dll
0x00007fff21030000 - 0x00007fff21038000 	C:\Windows\System32\PSAPI.DLL
0x00007fff0b6c0000 - 0x00007fff0b6c9000 	C:\Windows\SYSTEM32\WSOCK32.dll
0x00007fff1d3c0000 - 0x00007fff1d3e3000 	C:\Windows\SYSTEM32\WINMM.dll
0x00007fff13f90000 - 0x00007fff13f9a000 	C:\Windows\SYSTEM32\VERSION.dll
0x00007fff23080000 - 0x00007fff230ea000 	C:\Windows\System32\WS2_32.dll
0x00000000035f0000 - 0x000000000361b000 	C:\Windows\SYSTEM32\WINMMBASE.dll
0x00007fff201e0000 - 0x00007fff20222000 	C:\Windows\System32\cfgmgr32.dll
0x0000000068d10000 - 0x0000000068d1f000 	D:\Program Files\Java\jdk1.8.0_66\jre\bin\verify.dll
0x0000000068ce0000 - 0x0000000068d09000 	D:\Program Files\Java\jdk1.8.0_66\jre\bin\java.dll
0x0000000068cc0000 - 0x0000000068cd6000 	D:\Program Files\Java\jdk1.8.0_66\jre\bin\zip.dll
0x00007fff21a00000 - 0x00007fff22f09000 	C:\Windows\System32\SHELL32.dll
0x00007fff1f690000 - 0x00007fff1fd69000 	C:\Windows\System32\windows.storage.dll
0x00007fff1f5c0000 - 0x00007fff1f60c000 	C:\Windows\System32\powrprof.dll
0x00007fff21420000 - 0x00007fff21472000 	C:\Windows\System32\shlwapi.dll
0x00007fff1f5a0000 - 0x00007fff1f5af000 	C:\Windows\System32\kernel.appcore.dll
0x00007fff20250000 - 0x00007fff202f9000 	C:\Windows\System32\shcore.dll
0x00007fff1f610000 - 0x00007fff1f624000 	C:\Windows\System32\profapi.dll
0x00007fff0ca10000 - 0x00007fff0cd3c000 	C:\Windows\LVUAAgentInstBaseRoot\system32\MozartBreathCore.dll
0x00007fff21320000 - 0x00007fff2141a000 	C:\Windows\System32\COMDLG32.dll
0x00007fff1eb80000 - 0x00007fff1ebb8000 	C:\Windows\SYSTEM32\IPHLPAPI.DLL
0x00007fff1c700000 - 0x00007fff1c713000 	C:\Windows\SYSTEM32\WTSAPI32.dll
0x00007fff12350000 - 0x00007fff1236b000 	C:\Windows\SYSTEM32\MPR.dll
0x00007fff21480000 - 0x00007fff215b8000 	C:\Windows\System32\ole32.dll
0x00007fff1ebc0000 - 0x00007fff1ec61000 	C:\Windows\SYSTEM32\DNSAPI.dll
0x00007fff18bc0000 - 0x00007fff18c46000 	C:\Windows\SYSTEM32\WINSPOOL.DRV
0x00007fff210c0000 - 0x00007fff2117f000 	C:\Windows\System32\OLEAUT32.dll
0x00007fff210b0000 - 0x00007fff210b8000 	C:\Windows\System32\NSI.dll
0x00007fff20140000 - 0x00007fff201dc000 	C:\Windows\System32\msvcp_win.dll
0x00007fff1f4f0000 - 0x00007fff1f51b000 	C:\Windows\SYSTEM32\bcrypt.dll
0x00007fff0b610000 - 0x00007fff0b665000 	C:\Windows\LVUAAgentInstBaseRoot\system32\MozartBreathWeb.dll
0x00007fff0b220000 - 0x00007fff0b242000 	C:\Windows\LVUAAgentInstBaseRoot\system32\MozartBreathFw.dll
0x00007fff0b090000 - 0x00007fff0b0ef000 	C:\Windows\LVUAAgentInstBaseRoot\system32\MozartBreathFile.dll
0x00007fff0af60000 - 0x00007fff0b08b000 	C:\Windows\LVUAAgentInstBaseRoot\system32\MozartBreathProcess.dll
0x00007fff0b2d0000 - 0x00007fff0b331000 	C:\Windows\LVUAAgentInstBaseRoot\system32\MozartBreathBolo2.dll
0x00007fff09820000 - 0x00007fff0983f000 	C:\Windows\LVUAAgentInstBaseRoot\system32\MozartBreathProtect.dll
0x00007fff12600000 - 0x00007fff12792000 	C:\Windows\SYSTEM32\dbghelp.dll
0x00007fff1cea0000 - 0x00007fff1cec6000 	C:\Windows\SYSTEM32\dwmapi.dll

VM Arguments:
jvm_args: -Dfile.encoding=UTF-8 
java_command: com.formssi.weekReportTool.system.config.Dom4jToXml
java_class_path (initial): D:\FPMSX03\weekReportTool\target\classes;F:\apache-tomcat-6.0.51\lib\annotations-api.jar;F:\apache-tomcat-6.0.51\lib\catalina-ant.jar;F:\apache-tomcat-6.0.51\lib\catalina-ha.jar;F:\apache-tomcat-6.0.51\lib\catalina-tribes.jar;F:\apache-tomcat-6.0.51\lib\catalina.jar;F:\apache-tomcat-6.0.51\lib\ecj-4.3.1.jar;F:\apache-tomcat-6.0.51\lib\el-api.jar;F:\apache-tomcat-6.0.51\lib\jasper-el.jar;F:\apache-tomcat-6.0.51\lib\jasper.jar;F:\apache-tomcat-6.0.51\lib\jsp-api.jar;F:\apache-tomcat-6.0.51\lib\servlet-api.jar;F:\apache-tomcat-6.0.51\lib\tomcat-coyote.jar;F:\apache-tomcat-6.0.51\lib\tomcat-dbcp.jar;F:\apache-tomcat-6.0.51\lib\tomcat-i18n-es.jar;F:\apache-tomcat-6.0.51\lib\tomcat-i18n-fr.jar;F:\apache-tomcat-6.0.51\lib\tomcat-i18n-ja.jar;C:\tool\eclipse\plugins\org.junit_4.11.0.v201303080030\junit.jar;F:\repository\repo\org\springframework\boot\spring-boot-starter-mail\2.5.1\spring-boot-starter-mail-2.5.1.jar;F:\repository\repo\org\springframework\boot\spring-boot-starter\2.5.1\spring-boot-starter-2.5.1.jar;F:\repository\repo\org\springframework\boot\spring-boot\2.5.1\spring-boot-2.5.1.jar;F:\repository\repo\org\springframework\boot\spring-boot-autoconfigure\2.5.1\spring-boot-autoconfigure-2.5.1.jar;F:\repository\repo\org\springframework\boot\spring-boot-starter-logging\2.5.1\spring-boot-starter-logging-2.5.1.jar;F:\repository\repo\ch\qos\logback\logback-classic\1.2.3\logback-classic-1.2.3.jar;F:\repository\repo\ch\qos\logback\logback-core\1.2.3\logback-core-1.2.3.jar;F:\repository\repo\org\apache\logging\log4j\log4j-to-slf4j\2.14.1\log4j-to-slf4j-2.14.1.jar;F:\repository\repo\org\apache\logging\log4j\log4j-api\2.14.1\log4j-api-2.14.1.jar;F:\repository\repo\org\slf4j\jul-to-slf4j\1.7.30\jul-to-slf4j-1.7.30.jar;F:\repository\repo\org\yaml\snakeyaml\1.28\snakeyaml-1.28.jar;F:\repository\repo\org\springframework\spring-context-support\5.3.8\spring-context-support-5.3.8.jar;F:\repository\repo\org\springframework\spring-beans\5.3.8\spring-beans-5
Launcher Type: SUN_STANDARD

Environment Variables:
JAVA_HOME=D:\Program Files\Java\jdk1.8.0_66
PATH=D:/Program Files/Java/jdk1.8.0_66/bin/../jre/bin/server;D:/Program Files/Java/jdk1.8.0_66/bin/../jre/bin;D:/Program Files/Java/jdk1.8.0_66/bin/../jre/lib/amd64;D:\Program Files\Java\jdk1.8.0_66\bin;D:\Program Files\Java\jdk1.8.0_66\jre\bin;C:\Program Files\Common Files\Oracle\Java\javapath;C:\ProgramData\Oracle\Java\javapath;C:\Windows\system32;C:\Windows;C:\Windows\System32\Wbem;C:\Windows\System32\WindowsPowerShell\v1.0\;C:\Program Files\Git\cmd;C:\maven\apache-maven-3.8.1-bin\apache-maven-3.8.1\bin;C:\maven\apache-maven-3.8.1-bin\apache-maven-3.8.1\bin;C:\Users\user\AppData\Local\Microsoft\WindowsApps;C:\Users\user\AppData\Local\GitHubDesktop\bin;C:\tool\eclipse;
USERNAME=user
OS=Windows_NT
PROCESSOR_IDENTIFIER=Intel64 Family 6 Model 94 Stepping 3, GenuineIntel



---------------  S Y S T E M  ---------------

OS: Windows 10.0 , 64 bit Build 14393 (10.0.14393.2214)

CPU:total 8 (4 cores per cpu, 2 threads per core) family 6 model 94 stepping 3, cmov, cx8, fxsr, mmx, sse, sse2, sse3, ssse3, sse4.1, sse4.2, popcnt, avx, avx2, aes, clmul, erms, rtm, 3dnowpref, lzcnt, ht, tsc, tscinvbit, bmi1, bmi2, adx

Memory: 4k page, physical 8249956k(4565772k free), swap 9560676k(5347260k free)

vm_info: Java HotSpot(TM) 64-Bit Server VM (25.66-b17) for windows-amd64 JRE (1.8.0_66-b17), built on Oct  6 2015 18:55:33 by "java_re" with MS VC++ 10.0 (VS2010)

time: Wed Jun 16 09:40:48 2021
elapsed time: 0 seconds (0d 0h 0m 0s)

